Tue May 12 17:13:50 AEST 2020 : Apache Derby Network Server - 10.10.2.0 - (1582446) started and ready to accept connections on port 1527
----------------------------------------------------------------
Tue May 12 17:18:04 AEST 2020:
Booting Derby version The Apache Software Foundation - Apache Derby - 10.10.2.0 - (1582446): instance a816c00e-0172-07bb-8920-ffff87b6c449 
on database directory C:\Users\Jackie Lim\Desktop\Science in IT\2020\Semester 1 - Autumn\Introduction to Software Development\assessment 2\IoTBay\Prototype R1\database\iotdb with class loader sun.misc.Launcher$AppClassLoader@1d44bcfa 
Loaded from file:/C:/Program%20Files/glassfish-4.1.1/javadb/lib/derby.jar
java.vendor=Oracle Corporation
java.runtime.version=1.8.0_241-b07
user.dir=C:\Program Files\glassfish-4.1.1\javadb
os.name=Windows 10
os.arch=amd64
os.version=10.0
derby.system.home=C:\Users\Jackie Lim\Desktop\Science in IT\2020\Semester 1 - Autumn\Introduction to Software Development\assessment 2\IoTBay\Prototype R1\database
Database Class Loader started - derby.database.classpath=''
----------------------------------------------------------------
Tue May 12 17:18:05 AEST 2020:
Shutting down instance a816c00e-0172-07bb-8920-ffff87b6c449 on database directory C:\Users\Jackie Lim\Desktop\Science in IT\2020\Semester 1 - Autumn\Introduction to Software Development\assessment 2\IoTBay\Prototype R1\database\iotdb with class loader sun.misc.Launcher$AppClassLoader@1d44bcfa 
Tue May 12 17:18:05 AEST 2020 Thread[DRDAConnThread_3,5,main] (DATABASE = iotdb), (DRDAID = {2}), Database 'iotdb' shutdown.
----------------------------------------------------------------
Tue May 12 17:18:31 AEST 2020:
Booting Derby version The Apache Software Foundation - Apache Derby - 10.10.2.0 - (1582446): instance 560740aa-0172-07bb-8920-ffff87b6c449 
on database directory C:\Users\Jackie Lim\Desktop\Science in IT\2020\Semester 1 - Autumn\Introduction to Software Development\assessment 2\IoTBay\Prototype R1\database\iotdb with class loader sun.misc.Launcher$AppClassLoader@1d44bcfa 
Loaded from file:/C:/Program%20Files/glassfish-4.1.1/javadb/lib/derby.jar
java.vendor=Oracle Corporation
java.runtime.version=1.8.0_241-b07
user.dir=C:\Program Files\glassfish-4.1.1\javadb
os.name=Windows 10
os.arch=amd64
os.version=10.0
derby.system.home=C:\Users\Jackie Lim\Desktop\Science in IT\2020\Semester 1 - Autumn\Introduction to Software Development\assessment 2\IoTBay\Prototype R1\database
Database Class Loader started - derby.database.classpath=''
----------------------------------------------------------------
Tue May 12 18:15:15 AEST 2020: Shutting down Derby engine
